http://s.1688.com/selloffer/--10242.html	工控电脑产品
http://s.1688.com/selloffer/--10243.html	CPU
http://s.1688.com/selloffer/--10244.html	机械硬盘
http://s.1688.com/selloffer/--10244.html	硬盘
http://s.1688.com/selloffer/--10245.html	内存
http://s.1688.com/selloffer/--10246.html	主板
http://s.1688.com/selloffer/--10248.html	散热器
http://s.1688.com/selloffer/--10249.html	机箱
http://s.1688.com/selloffer/--10250.html	读卡器
http://s.1688.com/selloffer/--10252.html	键盘
http://s.1688.com/selloffer/--10256.html	上网本
http://s.1688.com/selloffer/--10258.html	鼠标垫
http://s.1688.com/selloffer/--10333.html	耳机
http://s.1688.com/selloffer/--1032230.html	数码摄像头
http://s.1688.com/selloffer/--1032231.html	数码摄像机
http://s.1688.com/selloffer/--1032232.html	普通数码相机
http://s.1688.com/selloffer/--1032233.html	MP3/MP4
http://s.1688.com/selloffer/--1032302.html	手机电池
http://s.1688.com/selloffer/--1032353.html	手机充电器
http://s.1688.com/selloffer/--1032781.html	录音笔
http://s.1688.com/selloffer/--1032783.html	便携式DVD
http://s.1688.com/selloffer/--1033246.html	声卡
http://s.1688.com/selloffer/--1033247.html	显卡
http://s.1688.com/selloffer/--1033253.html	软驱
http://s.1688.com/selloffer/--1033256.html	液晶显示器
http://s.1688.com/selloffer/--1033259.html	键鼠套装
http://s.1688.com/selloffer/--1033261.html	光电鼠标
http://s.1688.com/selloffer/--1033263.html	机械鼠标
http://s.1688.com/selloffer/--1033275.html	VPN设备
http://s.1688.com/selloffer/--1033277.html	防火墙
http://s.1688.com/selloffer/--1033278.html	中继器
http://s.1688.com/selloffer/--1033279.html	转换器、切换器
http://s.1688.com/selloffer/--1033282.html	路由器
http://s.1688.com/selloffer/--1033283.html	网卡
http://s.1688.com/selloffer/--1033285.html	数码存储卡
http://s.1688.com/selloffer/--1033286.html	U盘
http://s.1688.com/selloffer/--1033287.html	移动硬盘
http://s.1688.com/selloffer/--1033289.html	电脑加密锁
http://s.1688.com/selloffer/--1033984.html	小灵通
http://s.1688.com/selloffer/--1033986.html	手机保护膜
http://s.1688.com/selloffer/--1034001.html	手机转接头
http://s.1688.com/selloffer/--1034008.html	手机数据线
http://s.1688.com/selloffer/--1034011.html	手机摄像头
http://s.1688.com/selloffer/--1034014.html	手机专用线控耳机
http://s.1688.com/selloffer/--1035976.html	手写笔
http://s.1688.com/selloffer/--1036495.html	电脑清洁用品
http://s.1688.com/selloffer/--1036496.html	笔记本键盘保护膜
http://s.1688.com/selloffer/--1037141.html	网络存储
http://s.1688.com/selloffer/--1037148.html	笔记本键盘
http://s.1688.com/selloffer/--1037149.html	笔记本电池
http://s.1688.com/selloffer/--1037150.html	笔记本电源适配器
http://s.1688.com/selloffer/--1037151.html	笔记本屏幕保护膜
http://s.1688.com/selloffer/--1037152.html	电力猫
http://s.1688.com/selloffer/--1037155.html	无线AP
http://s.1688.com/selloffer/--1037156.html	无线网卡
http://s.1688.com/selloffer/--1037157.html	无线路由器
http://s.1688.com/selloffer/--1037158.html	一体化电脑
http://s.1688.com/selloffer/--1037159.html	准系统
http://s.1688.com/selloffer/--1038233.html	电脑连接线
http://s.1688.com/selloffer/--1038634.html	USB HUB
http://s.1688.com/selloffer/--1040827.html	固态硬盘
http://s.1688.com/selloffer/--1041404.html	物理隔离卡
http://s.1688.com/selloffer/--1041727.html	4G上网卡读卡器
http://s.1688.com/selloffer/--1042047.html	平板电脑
http://s.1688.com/selloffer/--1042207.html	手机保护套
http://s.1688.com/selloffer/--1042209.html	笔记本散热器
http://s.1688.com/selloffer/--1046689.html	平板电脑保护套
http://s.1688.com/selloffer/--1046691.html	平板电脑外接键盘
http://s.1688.com/selloffer/--1046694.html	iPhone保护套
http://s.1688.com/selloffer/--1046695.html	iPhone贴膜
http://s.1688.com/selloffer/--1046714.html	移动电源
http://s.1688.com/selloffer/--1047286.html	手机防尘塞
http://s.1688.com/selloffer/--121376003.html	蒸汽拖把
http://s.1688.com/selloffer/--121428003.html	电炸锅
http://s.1688.com/selloffer/--121486005.html	iPad贴膜
http://s.1688.com/selloffer/--121490007.html	Macbook保护套
http://s.1688.com/selloffer/--121494005.html	Macbook贴膜
http://s.1688.com/selloffer/--121504002.html	iPad保护套
http://s.1688.com/selloffer/--121624001.html	智能手表
http://s.1688.com/selloffer/--121928005.html	平板电脑支架
http://s.1688.com/selloffer/--122178001.html	单反相机
http://s.1688.com/selloffer/--122180001.html	微单、单电
http://s.1688.com/selloffer/--122182001.html	相机镜头
http://s.1688.com/selloffer/--122308007.html	手机支架
http://s.1688.com/selloffer/--122310007.html	相机清洁用品
http://s.1688.com/selloffer/--122312006.html	家用游戏机
http://s.1688.com/selloffer/--122314006.html	掌上游戏机
http://s.1688.com/selloffer/--122320005.html	相机屏幕贴膜
http://s.1688.com/selloffer/--122320006.html	相机手柄
http://s.1688.com/selloffer/--122328008.html	相机充电器
http://s.1688.com/selloffer/--122330006.html	相机滤镜
http://s.1688.com/selloffer/--122354010.html	游戏方向盘
http://s.1688.com/selloffer/--122356004.html	平板电脑数据线
http://s.1688.com/selloffer/--122364003.html	绕线器
http://s.1688.com/selloffer/--122374007.html	相机电池
http://s.1688.com/selloffer/--122382008.html	快门线
http://s.1688.com/selloffer/--122390006.html	手机镜头
http://s.1688.com/selloffer/--122390008.html	平板充电器
http://s.1688.com/selloffer/--122396003.html	体感游戏机
http://s.1688.com/selloffer/--122396005.html	游戏摇杆
http://s.1688.com/selloffer/--122398004.html	游戏手柄
http://s.1688.com/selloffer/--122408001.html	手机刷卡器
http://s.1688.com/selloffer/--123620002.html	相机三脚架
http://s.1688.com/selloffer/--123648001.html	信号放大器
http://s.1688.com/selloffer/--123648002.html	智能遥控器
http://s.1688.com/selloffer/--123650001.html	智能防丢贴片
http://s.1688.com/selloffer/--123736002.html	运动摄像机配件
http://s.1688.com/selloffer/--123736006.html	智能肌肤测试仪
http://s.1688.com/selloffer/--123736007.html	老人智能穿戴设备
http://s.1688.com/selloffer/--123736008.html	宠物智能穿戴设备
http://s.1688.com/selloffer/--123752002.html	智能跟踪器
http://s.1688.com/selloffer/--123752003.html	智能戒指
http://s.1688.com/selloffer/--123754002.html	运动摄像机
http://s.1688.com/selloffer/--123756001.html	智能手环
http://s.1688.com/selloffer/--123756002.html	水下相机
http://s.1688.com/selloffer/--123756003.html	智能手镯
http://s.1688.com/selloffer/--123758002.html	迷你相机
http://s.1688.com/selloffer/--123758003.html	智能眼镜
http://s.1688.com/selloffer/--123760001.html	浮力棒
http://s.1688.com/selloffer/--123760002.html	智能计步器
http://s.1688.com/selloffer/--124000001.html	3D数码眼镜
http://s.1688.com/selloffer/--124270010.html	AppleWatch表带
http://s.1688.com/selloffer/--124272012.html	闪光灯
http://s.1688.com/selloffer/--50901.html	网络交换机
http://s.1688.com/selloffer/--50903.html	手机
http://s.1688.com/selloffer/--55486001.html	相机自拍杆
http://s.1688.com/selloffer/--55594002.html	智能耳机
http://s.1688.com/selloffer/--10243.html	CPU
http://s.1688.com/selloffer/--10243.html	CPU
http://s.1688.com/selloffer/--10243.html	CPU
http://s.1688.com/selloffer/--52562001.html	清洁美容电器
http://s.1688.com/selloffer/--637.html	电磁炉
http://s.1688.com/selloffer/--1047075.html	电炖锅
http://s.1688.com/selloffer/--121374003.html	蒸汽刷
http://s.1688.com/selloffer/-CBF7C4E1D6C7C4DCCAD6BBFA-50903.html	索尼
http://s.1688.com/selloffer/-C8FDD0C7CAFDBEDDCFDF-1034008.html	三星数据线
http://s.1688.com/selloffer/-C0CFC8CBCAD6BBFA.html	老人手机
http://s.1688.com/selloffer/--1047040.html	电蚊拍
http://s.1688.com/selloffer/--1032729.html	电烤箱
http://s.1688.com/selloffer/--52466006.html	口腔护理电器
http://s.1688.com/selloffer/--702.html	笔记本电脑
http://s.1688.com/selloffer/--1550.html	毛球修剪器
http://s.1688.com/selloffer/-C6BBB9FBCAFDBEDDCFDF-1034008.html	苹果数据线
